2016-01-13 12:39:27,396 - INFO [spam_application]: Initialized logger
2016-01-13 12:47:14,151 - INFO [spam_application]: Initialized logger
2016-01-13 12:47:48,627 - INFO [spam_application]: Initialized logger
2016-01-13 12:58:35,916 [INFO] config: Initialized logger
2016-01-13 12:58:35,917 [WARNING] __main__: INOJSDFO
2016-01-13 12:58:35,920 [INFO] __main__: Namespace(command='init', which='dev')
2016-01-13 13:00:47,742 [INFO] config: Initialized logger
2016-01-13 13:00:47,743 [WARNING] __main__: INOJSDFO
2016-01-13 13:00:47,746 [INFO] __main__: Namespace(command='init', which='dev')
2016-01-13 13:11:55,068 [INFO] config: Initialized logger
2016-01-13 13:12:08,303 [INFO] config: Initialized logger
2016-01-13 13:13:13,881 [INFO] config: Initialized logger
2016-01-13 13:13:13,884 [INFO] __main__: Section: dev
2016-01-13 13:13:13,884 [INFO] __main__: Command: dev
2016-01-13 13:13:31,271 [INFO] config: Initialized logger
2016-01-13 13:13:31,274 [INFO] __main__: Section: dev
2016-01-13 13:13:31,275 [INFO] __main__: Command: dev
2016-01-13 13:14:07,234 [INFO] config: Initialized logger
2016-01-13 13:14:07,237 [INFO] __main__: Section: dev
2016-01-13 13:14:07,237 [INFO] __main__: Command: dev
2016-01-13 13:14:46,093 [INFO] config: Initialized logger
2016-01-13 13:14:46,096 [INFO] __main__: Section: dev
2016-01-13 13:14:46,096 [INFO] __main__: Command: dev
2016-01-13 13:15:17,960 [INFO] config: Initialized logger
2016-01-13 13:15:17,963 [INFO] __main__: Section: dev
2016-01-13 13:15:17,963 [INFO] __main__: Command: dev
2016-01-13 13:19:41,306 [INFO] config: Initialized logger
2016-01-13 13:20:05,660 [INFO] config: Initialized logger
2016-01-13 13:20:22,747 [INFO] config: Initialized logger
2016-01-13 13:20:22,751 [INFO] __main__: Section: dev
2016-01-13 13:20:22,751 [INFO] __main__: Command: dev
2016-01-13 13:21:06,741 [INFO] config: Initialized logger
2016-01-13 13:21:06,744 [INFO] __main__: Section: dev
2016-01-13 13:21:06,745 [INFO] __main__: Command: init
2016-01-13 13:21:45,276 [INFO] config: Initialized logger
2016-01-13 13:21:45,279 [INFO] __main__: Section: db
2016-01-13 13:21:45,279 [INFO] __main__: Command: init
2016-01-13 13:21:45,279 [INFO] migrator.DatabaseManager: Initialize the database
2016-01-13 13:21:55,165 [INFO] config: Initialized logger
2016-01-13 13:21:55,167 [INFO] __main__: Section: db
2016-01-13 13:21:55,167 [INFO] __main__: Command: init
2016-01-13 13:21:55,168 [INFO] migrator.DatabaseManager: Initialize the database
2016-01-13 13:35:39,134 [INFO] config: Initialized logger
2016-01-13 13:35:39,137 [INFO] __main__: Section: db
2016-01-13 13:35:39,137 [INFO] __main__: Command: init
2016-01-13 13:35:39,137 [INFO] migrator.DatabaseManager: Initialize the database
2016-01-13 14:07:17,883 [INFO] config: Initialized logger
2016-01-13 14:07:17,885 [INFO] __main__: Section: db
2016-01-13 14:07:17,885 [INFO] __main__: Command: init
2016-01-13 14:07:17,886 [INFO] migrator.DatabaseManager: Initialize the database
2016-01-13 15:19:16,315 [INFO] config: Initialized logger
2016-01-13 15:19:16,321 [INFO] __main__: Section: db
2016-01-13 15:19:16,321 [INFO] __main__: Command: init
2016-01-13 15:19:16,321 [INFO] migrator.databasemanager: Initialize the database
2016-01-13 15:28:22,115 [INFO] web.config: Initialized logger
2016-01-13 15:28:22,119 [INFO] __main__: Section: db
2016-01-13 15:28:22,119 [INFO] __main__: Command: init
2016-01-13 15:28:22,119 [INFO] web.migrator.databasemanager: Initialize the database
